2.527849723341640742e-11
1.507742468068617692e-11
4.163556549923469668e-11
3.836775998737716416e-11
4.532039093785375689e-11
7.786207204628232925e-11
6.350634471807390494e-11
3.535665120493755123e-11
4.535563319769364607e-12
-2.203798148125054689e-12
4.592142203984250642e-12
-2.393960611284023961e-11
-1.744793778491089803e-11
1.303819871222056601e-11
1.868942800971484039e-11
1.545980587786191505e-11
1.086319509284635102e-11
3.325224698176155252e-11
-2.221075658906423268e-12
-1.452916351420715242e-11
