8.548420981698094014e-10
7.588440136929194248e-10
5.104106434185269084e-10
2.925255440485875389e-10
1.596392438814393309e-10
9.538035590680993218e-11
1.838830496917412692e-11
-3.314287909566064213e-11
-3.880535697471816933e-11
-5.334059479665347377e-11
-6.595317608627425329e-11
-7.898653404014906509e-11
-5.822420774537593867e-11
-1.122270212517612429e-11
2.325928693449249225e-11
2.957133213103983392e-11
3.601875773770876557e-11
4.593228604318732402e-11
2.005099643523364311e-11
-2.829740633960477176e-11
